root 2023-06-01 14:10:19,074-->added metadata info in database 21
asyncio 2023-06-01 14:10:19,076-->Using selector: EpollSelector 59
root 2023-06-01 14:10:19,340-->headless mode on 32
multipart.multipart 2023-06-01 14:10:44,041-->Calling on_part_begin with no data 586
multipart.multipart 2023-06-01 14:10:44,041-->Calling on_header_field with data[60:79] 583
multipart.multipart 2023-06-01 14:10:44,041-->Calling on_header_value with data[81:126] 583
multipart.multipart 2023-06-01 14:10:44,041-->Calling on_header_end with no data 586
multipart.multipart 2023-06-01 14:10:44,041-->Calling on_header_field with data[128:140] 583
multipart.multipart 2023-06-01 14:10:44,041-->Calling on_header_value with data[142:152] 583
multipart.multipart 2023-06-01 14:10:44,042-->Calling on_header_end with no data 586
multipart.multipart 2023-06-01 14:10:44,042-->Calling on_headers_finished with no data 586
multipart.multipart 2023-06-01 14:10:44,043-->Calling on_part_data with data[156:65005] 583
multipart.multipart 2023-06-01 14:10:44,044-->Calling on_part_data with data[0:65482] 583
multipart.multipart 2023-06-01 14:10:44,047-->Calling on_part_data with data[0:184238] 583
multipart.multipart 2023-06-01 14:10:44,047-->Calling on_part_data with data[0:1] 583
multipart.multipart 2023-06-01 14:10:44,048-->Calling on_part_data with data[184239:262144] 583
multipart.multipart 2023-06-01 14:10:44,051-->Calling on_part_data with data[0:262144] 583
multipart.multipart 2023-06-01 14:10:44,054-->Calling on_part_data with data[0:211189] 583
multipart.multipart 2023-06-01 14:10:44,054-->Calling on_part_data with data[0:1] 583
multipart.multipart 2023-06-01 14:10:44,055-->Calling on_part_data with data[211190:224224] 583
multipart.multipart 2023-06-01 14:10:44,055-->Calling on_part_data with data[0:1] 583
multipart.multipart 2023-06-01 14:10:44,055-->Calling on_part_data with data[224225:262144] 583
multipart.multipart 2023-06-01 14:10:44,057-->Calling on_part_data with data[0:262144] 583
multipart.multipart 2023-06-01 14:10:44,060-->Calling on_part_data with data[0:262144] 583
multipart.multipart 2023-06-01 14:10:44,061-->Calling on_part_data with data[0:262144] 583
multipart.multipart 2023-06-01 14:10:44,063-->Calling on_part_data with data[0:262144] 583
multipart.multipart 2023-06-01 14:10:44,063-->Calling on_part_data with data[0:22395] 583
multipart.multipart 2023-06-01 14:10:44,064-->Calling on_part_data with data[0:1] 583
multipart.multipart 2023-06-01 14:10:44,064-->Calling on_part_data with data[22396:262144] 583
multipart.multipart 2023-06-01 14:10:44,068-->Calling on_part_data with data[0:262144] 583
multipart.multipart 2023-06-01 14:10:44,072-->Calling on_part_data with data[0:262140] 583
multipart.multipart 2023-06-01 14:10:44,072-->Calling on_part_data with data[0:1] 583
multipart.multipart 2023-06-01 14:10:44,072-->Calling on_part_data with data[262141:262144] 583
multipart.multipart 2023-06-01 14:10:44,074-->Calling on_part_data with data[0:262144] 583
multipart.multipart 2023-06-01 14:10:44,078-->Calling on_part_data with data[0:262144] 583
multipart.multipart 2023-06-01 14:10:44,082-->Calling on_part_data with data[0:262137] 583
multipart.multipart 2023-06-01 14:10:44,082-->Calling on_part_data with data[0:1] 583
multipart.multipart 2023-06-01 14:10:44,082-->Calling on_part_data with data[262138:262144] 583
multipart.multipart 2023-06-01 14:10:44,088-->Calling on_part_data with data[0:147728] 583
multipart.multipart 2023-06-01 14:10:44,088-->Calling on_part_data with data[0:1] 583
multipart.multipart 2023-06-01 14:10:44,090-->Calling on_part_data with data[147729:257745] 583
multipart.multipart 2023-06-01 14:10:44,090-->Calling on_part_data with data[0:1] 583
multipart.multipart 2023-06-01 14:10:44,090-->Calling on_part_data with data[257746:262144] 583
multipart.multipart 2023-06-01 14:10:44,095-->Calling on_part_data with data[0:262144] 583
multipart.multipart 2023-06-01 14:10:44,097-->Calling on_part_data with data[0:48403] 583
multipart.multipart 2023-06-01 14:10:44,097-->Calling on_part_data with data[0:1] 583
multipart.multipart 2023-06-01 14:10:44,097-->Calling on_part_data with data[48404:54948] 583
multipart.multipart 2023-06-01 14:10:44,097-->Calling on_part_data with data[0:1] 583
multipart.multipart 2023-06-01 14:10:44,098-->Calling on_part_data with data[54949:171747] 583
multipart.multipart 2023-06-01 14:10:44,098-->Calling on_part_data with data[0:1] 583
multipart.multipart 2023-06-01 14:10:44,098-->Calling on_part_data with data[171748:199852] 583
multipart.multipart 2023-06-01 14:10:44,098-->Calling on_part_data with data[0:1] 583
multipart.multipart 2023-06-01 14:10:44,098-->Calling on_part_data with data[199853:262144] 583
multipart.multipart 2023-06-01 14:10:44,105-->Calling on_part_data with data[0:233068] 583
multipart.multipart 2023-06-01 14:10:44,105-->Calling on_part_data with data[0:1] 583
multipart.multipart 2023-06-01 14:10:44,105-->Calling on_part_data with data[233069:262144] 583
multipart.multipart 2023-06-01 14:10:44,108-->Calling on_part_data with data[0:138238] 583
multipart.multipart 2023-06-01 14:10:44,108-->Calling on_part_data with data[0:1] 583
multipart.multipart 2023-06-01 14:10:44,108-->Calling on_part_data with data[138239:262144] 583
multipart.multipart 2023-06-01 14:10:44,110-->Calling on_part_data with data[0:59573] 583
multipart.multipart 2023-06-01 14:10:44,110-->Calling on_part_data with data[0:1] 583
multipart.multipart 2023-06-01 14:10:44,111-->Calling on_part_data with data[59574:262144] 583
multipart.multipart 2023-06-01 14:10:44,114-->Calling on_part_data with data[0:246386] 583
multipart.multipart 2023-06-01 14:10:44,114-->Calling on_part_data with data[0:1] 583
multipart.multipart 2023-06-01 14:10:44,114-->Calling on_part_data with data[246387:262144] 583
multipart.multipart 2023-06-01 14:10:44,118-->Calling on_part_data with data[0:262144] 583
multipart.multipart 2023-06-01 14:10:44,121-->Calling on_part_data with data[0:152473] 583
multipart.multipart 2023-06-01 14:10:44,122-->Calling on_part_end with no data 586
multipart.multipart 2023-06-01 14:10:44,122-->Calling on_end with no data 586
urllib3.connectionpool 2023-06-01 14:10:44,128-->Starting new HTTP connection (1): localhost:9000 244
urllib3.connectionpool 2023-06-01 14:10:44,132-->http://localhost:9000 "GET /videos-collection?location= HTTP/1.1" 404 0 546
urllib3.connectionpool 2023-06-01 14:10:44,137-->http://localhost:9000 "PUT /videos-collection HTTP/1.1" 200 0 546
urllib3.connectionpool 2023-06-01 14:10:44,154-->http://localhost:9000 "POST /videos-collection/1/video.mp4?uploads= HTTP/1.1" 200 0 546
urllib3.connectionpool 2023-06-01 14:10:44,165-->http://localhost:9000 "PUT /videos-collection/1/video.mp4?partNumber=2&uploadId=YjBjMGZhYjItZTYwYS00ZWM2LTg4MjMtMDVkNTlmYmI0N2FjLmFhMWFiYzYyLTk4ZjItNDU0Zi04ZTliLTY4YmJmMzJlMjkxNg HTTP/1.1" 200 0 546
urllib3.connectionpool 2023-06-01 14:10:44,230-->http://localhost:9000 "PUT /videos-collection/1/video.mp4?partNumber=1&uploadId=YjBjMGZhYjItZTYwYS00ZWM2LTg4MjMtMDVkNTlmYmI0N2FjLmFhMWFiYzYyLTk4ZjItNDU0Zi04ZTliLTY4YmJmMzJlMjkxNg HTTP/1.1" 200 0 546
urllib3.connectionpool 2023-06-01 14:10:44,238-->http://localhost:9000 "POST /videos-collection/1/video.mp4?uploadId=YjBjMGZhYjItZTYwYS00ZWM2LTg4MjMtMDVkNTlmYmI0N2FjLmFhMWFiYzYyLTk4ZjItNDU0Zi04ZTliLTY4YmJmMzJlMjkxNg HTTP/1.1" 200 0 546
root 2023-06-01 14:12:34,823-->added metadata info in database 21
asyncio 2023-06-01 14:12:34,824-->Using selector: EpollSelector 59
root 2023-06-01 14:12:35,090-->headless mode on 32
multipart.multipart 2023-06-01 14:12:59,987-->Calling on_part_begin with no data 586
multipart.multipart 2023-06-01 14:12:59,987-->Calling on_header_field with data[61:80] 583
multipart.multipart 2023-06-01 14:12:59,987-->Calling on_header_value with data[82:127] 583
multipart.multipart 2023-06-01 14:12:59,987-->Calling on_header_end with no data 586
multipart.multipart 2023-06-01 14:12:59,987-->Calling on_header_field with data[129:141] 583
multipart.multipart 2023-06-01 14:12:59,988-->Calling on_header_value with data[143:153] 583
multipart.multipart 2023-06-01 14:12:59,988-->Calling on_header_end with no data 586
multipart.multipart 2023-06-01 14:12:59,988-->Calling on_headers_finished with no data 586
multipart.multipart 2023-06-01 14:12:59,988-->Calling on_part_data with data[157:65004] 583
multipart.multipart 2023-06-01 14:12:59,990-->Calling on_part_data with data[0:65482] 583
multipart.multipart 2023-06-01 14:12:59,991-->Calling on_part_data with data[0:1283] 583
multipart.multipart 2023-06-01 14:12:59,991-->Calling on_part_data with data[0:1] 583
multipart.multipart 2023-06-01 14:12:59,992-->Calling on_part_data with data[1284:57449] 583
multipart.multipart 2023-06-01 14:12:59,992-->Calling on_part_data with data[0:1] 583
multipart.multipart 2023-06-01 14:12:59,992-->Calling on_part_data with data[57450:111105] 583
multipart.multipart 2023-06-01 14:12:59,992-->Calling on_part_data with data[0:1] 583
multipart.multipart 2023-06-01 14:12:59,994-->Calling on_part_data with data[111106:262144] 583
multipart.multipart 2023-06-01 14:12:59,997-->Calling on_part_data with data[0:40297] 583
multipart.multipart 2023-06-01 14:12:59,997-->Calling on_part_data with data[0:1] 583
multipart.multipart 2023-06-01 14:12:59,998-->Calling on_part_data with data[40298:185113] 583
multipart.multipart 2023-06-01 14:12:59,999-->Calling on_part_data with data[0:1] 583
multipart.multipart 2023-06-01 14:12:59,999-->Calling on_part_data with data[185114:262107] 583
multipart.multipart 2023-06-01 14:13:00,000-->Calling on_part_data with data[0:1] 583
multipart.multipart 2023-06-01 14:13:00,000-->Calling on_part_data with data[262108:262144] 583
multipart.multipart 2023-06-01 14:13:00,001-->Calling on_part_data with data[0:28879] 583
multipart.multipart 2023-06-01 14:13:00,001-->Calling on_part_data with data[0:1] 583
multipart.multipart 2023-06-01 14:13:00,002-->Calling on_part_data with data[28880:70633] 583
multipart.multipart 2023-06-01 14:13:00,002-->Calling on_part_data with data[0:1] 583
multipart.multipart 2023-06-01 14:13:00,002-->Calling on_part_data with data[70634:262144] 583
multipart.multipart 2023-06-01 14:13:00,003-->Calling on_part_data with data[0:92678] 583
multipart.multipart 2023-06-01 14:13:00,003-->Calling on_part_data with data[0:1] 583
multipart.multipart 2023-06-01 14:13:00,003-->Calling on_part_data with data[92679:109039] 583
multipart.multipart 2023-06-01 14:13:00,003-->Calling on_part_data with data[0:1] 583
multipart.multipart 2023-06-01 14:13:00,004-->Calling on_part_data with data[109040:262144] 583
multipart.multipart 2023-06-01 14:13:00,005-->Calling on_part_data with data[0:56579] 583
multipart.multipart 2023-06-01 14:13:00,005-->Calling on_part_data with data[0:1] 583
multipart.multipart 2023-06-01 14:13:00,006-->Calling on_part_data with data[56580:262144] 583
multipart.multipart 2023-06-01 14:13:00,007-->Calling on_part_data with data[0:42543] 583
multipart.multipart 2023-06-01 14:13:00,007-->Calling on_part_data with data[0:1] 583
multipart.multipart 2023-06-01 14:13:00,008-->Calling on_part_data with data[42544:262144] 583
multipart.multipart 2023-06-01 14:13:00,012-->Calling on_part_data with data[0:262129] 583
multipart.multipart 2023-06-01 14:13:00,012-->Calling on_part_data with data[0:1] 583
multipart.multipart 2023-06-01 14:13:00,012-->Calling on_part_data with data[262130:262144] 583
multipart.multipart 2023-06-01 14:13:00,016-->Calling on_part_data with data[0:149029] 583
multipart.multipart 2023-06-01 14:13:00,016-->Calling on_part_data with data[0:1] 583
multipart.multipart 2023-06-01 14:13:00,017-->Calling on_part_data with data[149030:262144] 583
multipart.multipart 2023-06-01 14:13:00,020-->Calling on_part_data with data[0:39318] 583
multipart.multipart 2023-06-01 14:13:00,020-->Calling on_part_data with data[0:1] 583
multipart.multipart 2023-06-01 14:13:00,023-->Calling on_part_data with data[39319:252194] 583
multipart.multipart 2023-06-01 14:13:00,023-->Calling on_part_data with data[0:1] 583
multipart.multipart 2023-06-01 14:13:00,023-->Calling on_part_data with data[252195:262144] 583
multipart.multipart 2023-06-01 14:13:00,029-->Calling on_part_data with data[0:225717] 583
multipart.multipart 2023-06-01 14:13:00,030-->Calling on_part_data with data[0:1] 583
multipart.multipart 2023-06-01 14:13:00,031-->Calling on_part_data with data[225718:262144] 583
multipart.multipart 2023-06-01 14:13:00,035-->Calling on_part_data with data[0:262144] 583
multipart.multipart 2023-06-01 14:13:00,039-->Calling on_part_data with data[0:262127] 583
multipart.multipart 2023-06-01 14:13:00,039-->Calling on_part_data with data[0:1] 583
multipart.multipart 2023-06-01 14:13:00,039-->Calling on_part_data with data[262128:262144] 583
multipart.multipart 2023-06-01 14:13:00,044-->Calling on_part_data with data[0:262144] 583
multipart.multipart 2023-06-01 14:13:00,047-->Calling on_part_data with data[0:5799] 583
multipart.multipart 2023-06-01 14:13:00,047-->Calling on_part_data with data[0:1] 583
multipart.multipart 2023-06-01 14:13:00,047-->Calling on_part_data with data[5800:29556] 583
multipart.multipart 2023-06-01 14:13:00,047-->Calling on_part_data with data[0:1] 583
multipart.multipart 2023-06-01 14:13:00,049-->Calling on_part_data with data[29557:239251] 583
multipart.multipart 2023-06-01 14:13:00,049-->Calling on_part_data with data[0:1] 583
multipart.multipart 2023-06-01 14:13:00,049-->Calling on_part_data with data[239252:262144] 583
multipart.multipart 2023-06-01 14:13:00,053-->Calling on_part_data with data[0:191050] 583
multipart.multipart 2023-06-01 14:13:00,053-->Calling on_part_data with data[0:1] 583
multipart.multipart 2023-06-01 14:13:00,053-->Calling on_part_data with data[191051:262144] 583
multipart.multipart 2023-06-01 14:13:00,054-->Calling on_part_data with data[0:65375] 583
multipart.multipart 2023-06-01 14:13:00,054-->Calling on_part_data with data[0:1] 583
multipart.multipart 2023-06-01 14:13:00,055-->Calling on_part_data with data[65376:260809] 583
multipart.multipart 2023-06-01 14:13:00,055-->Calling on_part_data with data[0:1] 583
multipart.multipart 2023-06-01 14:13:00,055-->Calling on_part_data with data[260810:262091] 583
multipart.multipart 2023-06-01 14:13:00,055-->Calling on_part_data with data[0:1] 583
multipart.multipart 2023-06-01 14:13:00,055-->Calling on_part_data with data[262092:262144] 583
multipart.multipart 2023-06-01 14:13:00,058-->Calling on_part_data with data[0:262144] 583
multipart.multipart 2023-06-01 14:13:00,060-->Calling on_part_data with data[0:69165] 583
multipart.multipart 2023-06-01 14:13:00,061-->Calling on_part_data with data[0:1] 583
multipart.multipart 2023-06-01 14:13:00,062-->Calling on_part_data with data[69166:239928] 583
multipart.multipart 2023-06-01 14:13:00,062-->Calling on_part_data with data[0:1] 583
multipart.multipart 2023-06-01 14:13:00,063-->Calling on_part_data with data[239929:262143] 583
multipart.multipart 2023-06-01 14:13:00,066-->Calling on_part_data with data[0:1] 583
multipart.multipart 2023-06-01 14:13:00,067-->Calling on_part_data with data[0:109284] 583
multipart.multipart 2023-06-01 14:13:00,067-->Calling on_part_data with data[0:1] 583
multipart.multipart 2023-06-01 14:13:00,068-->Calling on_part_data with data[109285:184743] 583
multipart.multipart 2023-06-01 14:13:00,068-->Calling on_part_data with data[0:1] 583
multipart.multipart 2023-06-01 14:13:00,069-->Calling on_part_data with data[184744:262144] 583
multipart.multipart 2023-06-01 14:13:00,071-->Calling on_part_data with data[0:262144] 583
multipart.multipart 2023-06-01 14:13:00,072-->Calling on_part_data with data[0:20639] 583
multipart.multipart 2023-06-01 14:13:00,072-->Calling on_part_data with data[0:1] 583
multipart.multipart 2023-06-01 14:13:00,072-->Calling on_part_data with data[20640:68983] 583
multipart.multipart 2023-06-01 14:13:00,072-->Calling on_part_data with data[0:1] 583
multipart.multipart 2023-06-01 14:13:00,072-->Calling on_part_data with data[68984:214895] 583
multipart.multipart 2023-06-01 14:13:00,072-->Calling on_part_data with data[0:1] 583
multipart.multipart 2023-06-01 14:13:00,073-->Calling on_part_data with data[214896:262144] 583
multipart.multipart 2023-06-01 14:13:00,074-->Calling on_part_data with data[0:24118] 583
multipart.multipart 2023-06-01 14:13:00,075-->Calling on_part_data with data[0:1] 583
multipart.multipart 2023-06-01 14:13:00,075-->Calling on_part_data with data[24119:79392] 583
multipart.multipart 2023-06-01 14:13:00,075-->Calling on_part_end with no data 586
multipart.multipart 2023-06-01 14:13:00,075-->Calling on_end with no data 586
urllib3.connectionpool 2023-06-01 14:13:00,083-->Resetting dropped connection: localhost 292
urllib3.connectionpool 2023-06-01 14:13:00,085-->http://localhost:9000 "HEAD /videos-collection HTTP/1.1" 200 0 546
urllib3.connectionpool 2023-06-01 14:13:00,100-->http://localhost:9000 "POST /videos-collection/2/video.mp4?uploads= HTTP/1.1" 200 0 546
urllib3.connectionpool 2023-06-01 14:13:00,113-->http://localhost:9000 "PUT /videos-collection/2/video.mp4?partNumber=2&uploadId=YjBjMGZhYjItZTYwYS00ZWM2LTg4MjMtMDVkNTlmYmI0N2FjLmRjNzcxZmYzLTVhZmItNDkyYi1hOWEzLTZjMDZlMDA2NzRjOQ HTTP/1.1" 200 0 546
urllib3.connectionpool 2023-06-01 14:13:00,170-->http://localhost:9000 "PUT /videos-collection/2/video.mp4?partNumber=1&uploadId=YjBjMGZhYjItZTYwYS00ZWM2LTg4MjMtMDVkNTlmYmI0N2FjLmRjNzcxZmYzLTVhZmItNDkyYi1hOWEzLTZjMDZlMDA2NzRjOQ HTTP/1.1" 200 0 546
urllib3.connectionpool 2023-06-01 14:13:00,175-->http://localhost:9000 "POST /videos-collection/2/video.mp4?uploadId=YjBjMGZhYjItZTYwYS00ZWM2LTg4MjMtMDVkNTlmYmI0N2FjLmRjNzcxZmYzLTVhZmItNDkyYi1hOWEzLTZjMDZlMDA2NzRjOQ HTTP/1.1" 200 0 546
